#
# There is insufficient memory for the Java Runtime Environment to continue.
# Native memory allocation (mmap) failed to map 268435456 bytes for Failed to commit area from 0x0000000701e00000 to 0x0000000711e00000 of length 268435456.
# Possible reasons:
#   The system is out of physical RAM or swap space
#   The process is running with CompressedOops enabled, and the Java Heap may be blocking the growth of the native heap
# Possible solutions:
#   Reduce memory load on the system
#   Increase physical memory or swap space
#   Check if swap backing store is full
#   Decrease Java heap size (-Xmx/-Xms)
#   Decrease number of Java threads
#   Decrease Java thread stack sizes (-Xss)
#   Set larger code cache with -XX:ReservedCodeCacheSize=
# This output file may be truncated or incomplete.
#
#  Out of Memory Error (./src/hotspot/os/windows/os_windows.cpp:3619), pid=31932, tid=21816
#
# JRE version:  (11.0.13+7) (build )
# Java VM: OpenJDK 64-Bit Server VM (11.0.13+7-b1751.25, mixed mode, sharing, tiered, compressed oops, g1 gc, windows-amd64)
# No core dump will be written. Minidumps are not enabled by default on client versions of Windows
#

---------------  S U M M A R Y ------------

Command Line: git4idea.http.GitAskPassApp Username for 'https://gitee.com': 

Host: Intel(R) Core(TM) i5-9300H CPU @ 2.40GHz, 8 cores, 15G,  Windows 11 , 64 bit Build 22000 (10.0.22000.708)
Time: Tue Nov  1 22:00:08 2022 中国标准时间 elapsed time: 0.020159 seconds (0d 0h 0m 0s)

---------------  T H R E A D  ---------------

Current thread (0x0000013efcc64800):  JavaThread "Unknown thread" [_thread_in_vm, id=21816, stack(0x00000037e2e00000,0x00000037e2f00000)]

Stack: [0x00000037e2e00000,0x00000037e2f00000]
Native frames: (J=compiled Java code, j=interpreted, Vv=VM code, C=native code)
V  [jvm.dll+0x613daa]
V  [jvm.dll+0x799b30]
V  [jvm.dll+0x79b14d]
V  [jvm.dll+0x79b823]
V  [jvm.dll+0x24c958]
V  [jvm.dll+0x610e24]
V  [jvm.dll+0x605b25]
V  [jvm.dll+0x30aaab]
V  [jvm.dll+0x30aa1a]
V  [jvm.dll+0x30a8f2]
V  [jvm.dll+0x30f856]
V  [jvm.dll+0x359143]
V  [jvm.dll+0x359846]
V  [jvm.dll+0x359243]
V  [jvm.dll+0x2e57a8]
V  [jvm.dll+0x2e6947]
V  [jvm.dll+0x776d47]
V  [jvm.dll+0x77853c]
V  [jvm.dll+0x3666c9]
V  [jvm.dll+0x75a9ce]
V  [jvm.dll+0x3d47d3]
V  [jvm.dll+0x3d6d21]
C  [jli.dll+0x536b]
C  [ucrtbase.dll+0x26c0c]
C  [KERNEL32.DLL+0x154e0]
C  [ntdll.dll+0x485b]


---------------  P R O C E S S  ---------------

Threads class SMR info:
_java_thread_list=0x0000013efca38900, length=0, elements={
}

Java Threads: ( => current thread )

Other Threads:
  0x0000013efcc7e000 GCTaskThread "GC Thread#0" [stack: 0x00000037e2f00000,0x00000037e3000000] [id=16128]
  0x0000013efccdb800 ConcurrentGCThread "G1 Main Marker" [stack: 0x00000037e3000000,0x00000037e3100000] [id=34200]
  0x0000013efccde000 ConcurrentGCThread "G1 Conc#0" [stack: 0x00000037e3100000,0x00000037e3200000] [id=27604]

[error occurred during error reporting (printing all threads), id 0xc0000005, EXCEPTION_ACCESS_VIOLATION (0xc0000005) at pc=0x00007ff8708e5c97]

VM state:not at safepoint (not fully initialized)

VM Mutex/Monitor currently owned by a thread:  ([mutex/lock_event])
[0x0000013efcc5f350] Heap_lock - owner thread: 0x0000013efcc64800

Heap address: 0x0000000701e00000, size: 4066 MB, Compressed Oops mode: Non-zero based: 0x0000000701e00000
Narrow klass base: 0x0000000000000000, Narrow klass shift: 0

GC Heap History (0 events):
No events

Deoptimization events (0 events):
No events

Classes redefined (0 events):
No events

Internal exceptions (0 events):
No events

Events (1 events):
Event: 0.010 Loaded shared library D:\idea\IntelliJ IDEA 2021.3.2\jbr\bin\zip.dll


Dynamic libraries:
0x00007ff6ef070000 - 0x00007ff6ef07a000 	D:\idea\IntelliJ IDEA 2021.3.2\jbr\bin\java.exe
0x00007ff8ec4a0000 - 0x00007ff8ec6a9000 	C:\WINDOWS\SYSTEM32\ntdll.dll
0x00007ff8ea840000 - 0x00007ff8ea8fd000 	C:\WINDOWS\System32\KERNEL32.DLL
0x00007ff8e95e0000 - 0x00007ff8e995c000 	C:\WINDOWS\System32\KERNELBASE.dll
0x00007ff8e9e50000 - 0x00007ff8e9f61000 	C:\WINDOWS\System32\ucrtbase.dll
0x00007ff8df460000 - 0x00007ff8df479000 	D:\idea\IntelliJ IDEA 2021.3.2\jbr\bin\jli.dll
0x00007ff8e5a30000 - 0x00007ff8e5a47000 	D:\idea\IntelliJ IDEA 2021.3.2\jbr\bin\VCRUNTIME140.dll
0x00007ff8eaf70000 - 0x00007ff8eb11d000 	C:\WINDOWS\System32\USER32.dll
0x00007ff8e9b80000 - 0x00007ff8e9ba6000 	C:\WINDOWS\System32\win32u.dll
0x00007ff8ea250000 - 0x00007ff8ea279000 	C:\WINDOWS\System32\GDI32.dll
0x00007ff8ce470000 - 0x00007ff8ce715000 	C:\WINDOWS\WinSxS\amd64_microsoft.windows.common-controls_6595b64144ccf1df_6.0.22000.120_none_9d947278b86cc467\COMCTL32.dll
0x00007ff8e9a60000 - 0x00007ff8e9b79000 	C:\WINDOWS\System32\gdi32full.dll
0x00007ff8ea470000 - 0x00007ff8ea513000 	C:\WINDOWS\System32\msvcrt.dll
0x00007ff8e9540000 - 0x00007ff8e95dd000 	C:\WINDOWS\System32\msvcp_win.dll
0x00007ff8eaf30000 - 0x00007ff8eaf61000 	C:\WINDOWS\System32\IMM32.DLL
0x00007ff8bc470000 - 0x00007ff8bc50d000 	D:\idea\IntelliJ IDEA 2021.3.2\jbr\bin\msvcp140.dll
0x00007ff8705f0000 - 0x00007ff871166000 	D:\idea\IntelliJ IDEA 2021.3.2\jbr\bin\server\jvm.dll
0x00007ff8eaa40000 - 0x00007ff8eaaee000 	C:\WINDOWS\System32\ADVAPI32.dll
0x00007ff8ea5d0000 - 0x00007ff8ea66e000 	C:\WINDOWS\System32\sechost.dll
0x00007ff8ebe90000 - 0x00007ff8ebfb0000 	C:\WINDOWS\System32\RPCRT4.dll
0x00007ff8ea160000 - 0x00007ff8ea168000 	C:\WINDOWS\System32\PSAPI.DLL
0x00007ff8e2560000 - 0x00007ff8e2569000 	C:\WINDOWS\SYSTEM32\WSOCK32.dll
0x00007ff8ea9d0000 - 0x00007ff8eaa3f000 	C:\WINDOWS\System32\WS2_32.dll
0x00007ff8e1840000 - 0x00007ff8e1873000 	C:\WINDOWS\SYSTEM32\WINMM.dll
0x00007ff8de700000 - 0x00007ff8de70a000 	C:\WINDOWS\SYSTEM32\VERSION.dll
0x00007ff8e9fb0000 - 0x00007ff8e9fc8000 	C:\WINDOWS\System32\kernel.appcore.dll
0x00007ff8e2280000 - 0x00007ff8e2291000 	D:\idea\IntelliJ IDEA 2021.3.2\jbr\bin\verify.dll
0x00007ff8e70f0000 - 0x00007ff8e7311000 	C:\WINDOWS\SYSTEM32\DBGHELP.DLL
0x00007ff8d3290000 - 0x00007ff8d32c1000 	C:\WINDOWS\SYSTEM32\dbgcore.DLL
0x00007ff8e9fd0000 - 0x00007ff8ea04f000 	C:\WINDOWS\System32\bcryptPrimitives.dll
0x00007ff8e18c0000 - 0x00007ff8e18e9000 	D:\idea\IntelliJ IDEA 2021.3.2\jbr\bin\java.dll
0x00007ff8e2550000 - 0x00007ff8e255b000 	D:\idea\IntelliJ IDEA 2021.3.2\jbr\bin\jimage.dll
0x00007ff8deef0000 - 0x00007ff8def08000 	D:\idea\IntelliJ IDEA 2021.3.2\jbr\bin\zip.dll

dbghelp: loaded successfully - version: 4.0.5 - missing functions: none
symbol engine: initialized successfully - sym options: 0x614 - pdb path: .;D:\idea\IntelliJ IDEA 2021.3.2\jbr\bin;C:\WINDOWS\SYSTEM32;C:\WINDOWS\WinSxS\amd64_microsoft.windows.common-controls_6595b64144ccf1df_6.0.22000.120_none_9d947278b86cc467;D:\idea\IntelliJ IDEA 2021.3.2\jbr\bin\server

VM Arguments:
java_command: git4idea.http.GitAskPassApp Username for 'https://gitee.com': 
java_class_path (initial): D:/idea/IntelliJ IDEA 2021.3.2/plugins/git4idea/lib/git4idea-rt.jar;D:/idea/IntelliJ IDEA 2021.3.2/lib/3rd-party.jar;D:/idea/IntelliJ IDEA 2021.3.2/lib/3rd-party-rt.jar
Launcher Type: SUN_STANDARD

[Global flags]
     intx CICompilerCount                          = 4                                         {product} {ergonomic}
     uint ConcGCThreads                            = 2                                         {product} {ergonomic}
     uint G1ConcRefinementThreads                  = 8                                         {product} {ergonomic}
   size_t G1HeapRegionSize                         = 1048576                                   {product} {ergonomic}
    uintx GCDrainStackTargetSize                   = 64                                        {product} {ergonomic}
   size_t InitialHeapSize                          = 268435456                                 {product} {ergonomic}
   size_t MarkStackSize                            = 4194304                                   {product} {ergonomic}
   size_t MaxHeapSize                              = 4263510016                                {product} {ergonomic}
   size_t MinHeapDeltaBytes                        = 1048576                                   {product} {ergonomic}
    uintx NonNMethodCodeHeapSize                   = 5836300                                {pd product} {ergonomic}
    uintx NonProfiledCodeHeapSize                  = 122910970                              {pd product} {ergonomic}
    uintx ProfiledCodeHeapSize                     = 122910970                              {pd product} {ergonomic}
    uintx ReservedCodeCacheSize                    = 251658240                              {pd product} {ergonomic}
     bool SegmentedCodeCache                       = true                                      {product} {ergonomic}
     bool UseCompressedClassPointers               = true                                 {lp64_product} {ergonomic}
     bool UseCompressedOops                        = true                                 {lp64_product} {ergonomic}
     bool UseG1GC                                  = true                                      {product} {ergonomic}
     bool UseLargePagesIndividualAllocation        = false                                  {pd product} {ergonomic}

Logging:
Log output configuration:
 #0: stdout all=warning uptime,level,tags
 #1: stderr all=off uptime,level,tags

Environment Variables:
JAVA_HOME=D:\java\jdk1.8.0_151
PATH=F:/Git/Git/mingw64/libexec/git-core;F:/Git/Git/mingw64/libexec/git-core;F:\Git\Git\mingw64\bin;F:\Git\Git\usr\bin;C:\Users\86185\bin;C:\Program Files (x86)\Common Files\Oracle\Java\javapath;C:\Windows\system32;C:\Windows;C:\Windows\System32\Wbem;C:\Windows\System32\WindowsPowerShell\v1.0\;C:\Windows\System32\OpenSSH\;C:\Program Files (x86)\NVIDIA Corporation\PhysX\Common;C:\Program Files\NVIDIA Corporation\NVIDIA NvDLISR;D:\java\jdk1.8.0_151\BIN;C:\Program Files\Microsoft SQL Server\110\Tools\Binn\;C:\Program Files (x86)\Microsoft SQL Server\110\Tools\Binn\;C:\Program Files\Microsoft SQL Server\110\DTS\Binn\;C:\Program Files (x86)\Microsoft SQL Server\110\Tools\Binn\ManagementStudio\;C:\Program Files (x86)\Microsoft Visual Studio 10.0\Common7\IDE\PrivateAssemblies\;C:\Program Files (x86)\Microsoft SQL Server\110\DTS\Binn\;D:\Mysql 8\mysql-8.0.17-winx64\bin;C:\WINDOWS\system32;C:\WINDOWS;C:\WINDOWS\System32\Wbem;C:\WINDOWS\System32\WindowsPowerShell\v1.0\;C:\WINDOWS\System32\OpenSSH\;C:\Program Files\Microsoft SQL Server\130\Tools\Binn\;C:\Users\86185\AppData\Local\Google\Chrome\Application;C:\Program Files\MongoDB\Server\4.2\bin;D:\Node\;D:\Node\node_global\node_modules;F:\Development\apache-maven-3.3.9\bin;C:\Program Files\hadoop-2.6.0-cdh5.14.0\bin;F:\Xshell\;F:\xftp\;F:\scala\bin;F:\Development\Android\SDK\platform-tools;F:\Git\Git\cmd;F:\Development\redis\;F:\phpStudy\phpstudy_pro\Extensions\php\php7.3.9nts;C:\ProgramData\ComposerSetup\bin;D:\python\Scripts\;D:\python\;C:\Users\86185\AppData\Local\Programs\Python\Python37\Scripts\;C:\Users\86185\AppData\Local\Programs\Python\Python37\;C:\Users\86185\AppData\Local\Microsoft\WindowsApps;C:\Users\86185\.dotnet\tools;D:\idea\IntelliJ IDEA 2020.2.3\bin;D:\PyCharm\PyCharm Community Edition 2020.3.3\bin;D:\fldder\Fiddler;%PyCharm%;C:\Users\86185\AppData\Local\Google\Chrome\Application;%WebStorm%;D:\Node\node_global;%Hadoop_Home%\bin;%USERPROFILE%\AppData\Local\Microsoft\WindowsApps;F:\Development\vscode\Microsoft VS 
USERNAME=86185
DISPLAY=:0.0
LC_ALL=en_US.UTF-8
OS=Windows_NT
PROCESSOR_IDENTIFIER=Intel64 Family 6 Model 158 Stepping 10, GenuineIntel



---------------  S Y S T E M  ---------------

OS: Windows 11 , 64 bit Build 22000 (10.0.22000.708)
OS uptime: 4 days 7:11 hours

CPU:total 8 (initial active 8) (4 cores per cpu, 2 threads per core) family 6 model 158 stepping 10 microcode 0xde, cmov, cx8, fxsr, mmx, sse, sse2, sse3, ssse3, sse4.1, sse4.2, popcnt, avx, avx2, aes, clmul, erms, 3dnowpref, lzcnt, ht, tsc, tscinvbit, bmi1, bmi2, adx, fma

Memory: 4k page, system-wide physical 16256M (1123M free)
TotalPageFile size 33821M (AvailPageFile size 248M)
current process WorkingSet (physical memory assigned to process): 11M, peak: 11M
current process commit charge ("private bytes"): 60M, peak: 316M

vm_info: OpenJDK 64-Bit Server VM (11.0.13+7-b1751.25) for windows-amd64 JRE (11.0.13+7-b1751.25), built on Jan 13 2022 20:47:27 by "" with MS VC++ 14.0 (VS2015)

END.
